Build started 11/15/2022 1:09:26 AM.
     1>Project "C:\Users\Asus\Documents\Visual Studio 2010\Projects\CS566_Project_Final\CS566_Project\CS566_Project.vcxproj" on node 2 (build target(s)).
     1>InitializeBuildStatus:
         Creating "Debug\CS566_Project.unsuccessfulbuild" because "AlwaysCreate" was specified.
       ClCompile:
         All outputs are up-to-date.
         C:\Program Files (x86)\Microsoft Visual Studio 10.0\VC\bin\CL.exe /c /ZI /nologo /W3 /WX- /Od /Oy- /D WIN32 /D _DEBUG /D _CONSOLE /D _UNICODE /D UNICODE /Gm /EHsc /RTC1 /MDd /GS /fp:precise /Zc:wchar_t /Zc:forScope /Yu"StdAfx.h" /Fp"Debug\CS566_Project.pch" /Fo"Debug\\" /Fd"Debug\vc100.pdb" /Gd /TP /analyze- /errorReport:prompt CS566_Project.cpp
         CS566_Project.cpp
     1>c:\users\asus\documents\visual studio 2010\projects\cs566_project_final\cs566_project\cs566_project.cpp(55): warning C4996: 'fopen': This function or variable may be unsafe. Consider using fopen_s instead. To disable deprecation, use _CRT_SECURE_NO_WARNINGS. See online help for details.
                 c:\program files (x86)\microsoft visual studio 10.0\vc\include\stdio.h(234) : see declaration of 'fopen'
     1>c:\users\asus\documents\visual studio 2010\projects\cs566_project_final\cs566_project\cs566_project.cpp(60): warning C4996: 'fscanf': This function or variable may be unsafe. Consider using fscanf_s instead. To disable deprecation, use _CRT_SECURE_NO_WARNINGS. See online help for details.
                 c:\program files (x86)\microsoft visual studio 10.0\vc\include\stdio.h(253) : see declaration of 'fscanf'
     1>c:\users\asus\documents\visual studio 2010\projects\cs566_project_final\cs566_project\cs566_project.cpp(59): warning C4101: 'fp' : unreferenced local variable
     1>c:\users\asus\documents\visual studio 2010\projects\cs566_project_final\cs566_project\cs566_project.cpp(232): warning C4996: 'fopen': This function or variable may be unsafe. Consider using fopen_s instead. To disable deprecation, use _CRT_SECURE_NO_WARNINGS. See online help for details.
                 c:\program files (x86)\microsoft visual studio 10.0\vc\include\stdio.h(234) : see declaration of 'fopen'
     1>c:\users\asus\documents\visual studio 2010\projects\cs566_project_final\cs566_project\cs566_project.cpp(239): warning C4996: 'sprintf': This function or variable may be unsafe. Consider using sprintf_s instead. To disable deprecation, use _CRT_SECURE_NO_WARNINGS. See online help for details.
                 c:\program files (x86)\microsoft visual studio 10.0\vc\include\stdio.h(371) : see declaration of 'sprintf'
     1>c:\users\asus\documents\visual studio 2010\projects\cs566_project_final\cs566_project\cs566_project.cpp(263): warning C4996: 'fopen': This function or variable may be unsafe. Consider using fopen_s instead. To disable deprecation, use _CRT_SECURE_NO_WARNINGS. See online help for details.
                 c:\program files (x86)\microsoft visual studio 10.0\vc\include\stdio.h(234) : see declaration of 'fopen'
     1>c:\users\asus\documents\visual studio 2010\projects\cs566_project_final\cs566_project\cs566_project.cpp(266): warning C4996: 'fscanf': This function or variable may be unsafe. Consider using fscanf_s instead. To disable deprecation, use _CRT_SECURE_NO_WARNINGS. See online help for details.
                 c:\program files (x86)\microsoft visual studio 10.0\vc\include\stdio.h(253) : see declaration of 'fscanf'
     1>c:\users\asus\documents\visual studio 2010\projects\cs566_project_final\cs566_project\cs566_project.cpp(393): warning C4996: 'fopen': This function or variable may be unsafe. Consider using fopen_s instead. To disable deprecation, use _CRT_SECURE_NO_WARNINGS. See online help for details.
                 c:\program files (x86)\microsoft visual studio 10.0\vc\include\stdio.h(234) : see declaration of 'fopen'
     1>c:\users\asus\documents\visual studio 2010\projects\cs566_project_final\cs566_project\cs566_project.cpp(411): warning C4996: 'fopen': This function or variable may be unsafe. Consider using fopen_s instead. To disable deprecation, use _CRT_SECURE_NO_WARNINGS. See online help for details.
                 c:\program files (x86)\microsoft visual studio 10.0\vc\include\stdio.h(234) : see declaration of 'fopen'
     1>c:\users\asus\documents\visual studio 2010\projects\cs566_project_final\cs566_project\cs566_project.cpp(414): warning C4996: 'fscanf': This function or variable may be unsafe. Consider using fscanf_s instead. To disable deprecation, use _CRT_SECURE_NO_WARNINGS. See online help for details.
                 c:\program files (x86)\microsoft visual studio 10.0\vc\include\stdio.h(253) : see declaration of 'fscanf'
     1>c:\users\asus\documents\visual studio 2010\projects\cs566_project_final\cs566_project\cs566_project.cpp(441): warning C4996: 'fopen': This function or variable may be unsafe. Consider using fopen_s instead. To disable deprecation, use _CRT_SECURE_NO_WARNINGS. See online help for details.
                 c:\program files (x86)\microsoft visual studio 10.0\vc\include\stdio.h(234) : see declaration of 'fopen'
     1>c:\users\asus\documents\visual studio 2010\projects\cs566_project_final\cs566_project\cs566_project.cpp(444): warning C4996: 'fscanf': This function or variable may be unsafe. Consider using fscanf_s instead. To disable deprecation, use _CRT_SECURE_NO_WARNINGS. See online help for details.
                 c:\program files (x86)\microsoft visual studio 10.0\vc\include\stdio.h(253) : see declaration of 'fscanf'
     1>c:\users\asus\documents\visual studio 2010\projects\cs566_project_final\cs566_project\cs566_project.cpp(468): warning C4996: 'fopen': This function or variable may be unsafe. Consider using fopen_s instead. To disable deprecation, use _CRT_SECURE_NO_WARNINGS. See online help for details.
                 c:\program files (x86)\microsoft visual studio 10.0\vc\include\stdio.h(234) : see declaration of 'fopen'
     1>c:\users\asus\documents\visual studio 2010\projects\cs566_project_final\cs566_project\cs566_project.cpp(471): warning C4996: 'fscanf': This function or variable may be unsafe. Consider using fscanf_s instead. To disable deprecation, use _CRT_SECURE_NO_WARNINGS. See online help for details.
                 c:\program files (x86)\microsoft visual studio 10.0\vc\include\stdio.h(253) : see declaration of 'fscanf'
     1>c:\users\asus\documents\visual studio 2010\projects\cs566_project_final\cs566_project\cs566_project.cpp(484): warning C4996: 'fopen': This function or variable may be unsafe. Consider using fopen_s instead. To disable deprecation, use _CRT_SECURE_NO_WARNINGS. See online help for details.
                 c:\program files (x86)\microsoft visual studio 10.0\vc\include\stdio.h(234) : see declaration of 'fopen'
     1>c:\users\asus\documents\visual studio 2010\projects\cs566_project_final\cs566_project\cs566_project.cpp(488): warning C4996: 'fscanf': This function or variable may be unsafe. Consider using fscanf_s instead. To disable deprecation, use _CRT_SECURE_NO_WARNINGS. See online help for details.
                 c:\program files (x86)\microsoft visual studio 10.0\vc\include\stdio.h(253) : see declaration of 'fscanf'
     1>c:\users\asus\documents\visual studio 2010\projects\cs566_project_final\cs566_project\cs566_project.cpp(501): warning C4996: 'fopen': This function or variable may be unsafe. Consider using fopen_s instead. To disable deprecation, use _CRT_SECURE_NO_WARNINGS. See online help for details.
                 c:\program files (x86)\microsoft visual studio 10.0\vc\include\stdio.h(234) : see declaration of 'fopen'
     1>c:\users\asus\documents\visual studio 2010\projects\cs566_project_final\cs566_project\cs566_project.cpp(505): warning C4996: 'fscanf': This function or variable may be unsafe. Consider using fscanf_s instead. To disable deprecation, use _CRT_SECURE_NO_WARNINGS. See online help for details.
                 c:\program files (x86)\microsoft visual studio 10.0\vc\include\stdio.h(253) : see declaration of 'fscanf'
     1>c:\users\asus\documents\visual studio 2010\projects\cs566_project_final\cs566_project\cs566_project.cpp(648): warning C4244: '=' : conversion from 'long double' to 'long', possible loss of data
     1>c:\users\asus\documents\visual studio 2010\projects\cs566_project_final\cs566_project\cs566_project.cpp(851): warning C4996: 'sprintf': This function or variable may be unsafe. Consider using sprintf_s instead. To disable deprecation, use _CRT_SECURE_NO_WARNINGS. See online help for details.
                 c:\program files (x86)\microsoft visual studio 10.0\vc\include\stdio.h(371) : see declaration of 'sprintf'
     1>c:\users\asus\documents\visual studio 2010\projects\cs566_project_final\cs566_project\cs566_project.cpp(901): warning C4996: 'sprintf': This function or variable may be unsafe. Consider using sprintf_s instead. To disable deprecation, use _CRT_SECURE_NO_WARNINGS. See online help for details.
                 c:\program files (x86)\microsoft visual studio 10.0\vc\include\stdio.h(371) : see declaration of 'sprintf'
     1>c:\users\asus\documents\visual studio 2010\projects\cs566_project_final\cs566_project\cs566_project.cpp(902): warning C4996: 'fopen': This function or variable may be unsafe. Consider using fopen_s instead. To disable deprecation, use _CRT_SECURE_NO_WARNINGS. See online help for details.
                 c:\program files (x86)\microsoft visual studio 10.0\vc\include\stdio.h(234) : see declaration of 'fopen'
     1>c:\users\asus\documents\visual studio 2010\projects\cs566_project_final\cs566_project\cs566_project.cpp(912): warning C4996: 'sprintf': This function or variable may be unsafe. Consider using sprintf_s instead. To disable deprecation, use _CRT_SECURE_NO_WARNINGS. See online help for details.
                 c:\program files (x86)\microsoft visual studio 10.0\vc\include\stdio.h(371) : see declaration of 'sprintf'
     1>c:\users\asus\documents\visual studio 2010\projects\cs566_project_final\cs566_project\cs566_project.cpp(913): warning C4996: 'fopen': This function or variable may be unsafe. Consider using fopen_s instead. To disable deprecation, use _CRT_SECURE_NO_WARNINGS. See online help for details.
                 c:\program files (x86)\microsoft visual studio 10.0\vc\include\stdio.h(234) : see declaration of 'fopen'
     1>c:\users\asus\documents\visual studio 2010\projects\cs566_project_final\cs566_project\cs566_project.cpp(930): warning C4996: 'sprintf': This function or variable may be unsafe. Consider using sprintf_s instead. To disable deprecation, use _CRT_SECURE_NO_WARNINGS. See online help for details.
                 c:\program files (x86)\microsoft visual studio 10.0\vc\include\stdio.h(371) : see declaration of 'sprintf'
     1>c:\users\asus\documents\visual studio 2010\projects\cs566_project_final\cs566_project\cs566_project.cpp(931): warning C4996: 'fopen': This function or variable may be unsafe. Consider using fopen_s instead. To disable deprecation, use _CRT_SECURE_NO_WARNINGS. See online help for details.
                 c:\program files (x86)\microsoft visual studio 10.0\vc\include\stdio.h(234) : see declaration of 'fopen'
     1>c:\users\asus\documents\visual studio 2010\projects\cs566_project_final\cs566_project\cs566_project.cpp(934): warning C4996: 'fscanf': This function or variable may be unsafe. Consider using fscanf_s instead. To disable deprecation, use _CRT_SECURE_NO_WARNINGS. See online help for details.
                 c:\program files (x86)\microsoft visual studio 10.0\vc\include\stdio.h(253) : see declaration of 'fscanf'
     1>c:\users\asus\documents\visual studio 2010\projects\cs566_project_final\cs566_project\cs566_project.cpp(947): warning C4996: 'sprintf': This function or variable may be unsafe. Consider using sprintf_s instead. To disable deprecation, use _CRT_SECURE_NO_WARNINGS. See online help for details.
                 c:\program files (x86)\microsoft visual studio 10.0\vc\include\stdio.h(371) : see declaration of 'sprintf'
     1>c:\users\asus\documents\visual studio 2010\projects\cs566_project_final\cs566_project\cs566_project.cpp(948): warning C4996: 'fopen': This function or variable may be unsafe. Consider using fopen_s instead. To disable deprecation, use _CRT_SECURE_NO_WARNINGS. See online help for details.
                 c:\program files (x86)\microsoft visual studio 10.0\vc\include\stdio.h(234) : see declaration of 'fopen'
     1>c:\users\asus\documents\visual studio 2010\projects\cs566_project_final\cs566_project\cs566_project.cpp(952): warning C4996: 'fscanf': This function or variable may be unsafe. Consider using fscanf_s instead. To disable deprecation, use _CRT_SECURE_NO_WARNINGS. See online help for details.
                 c:\program files (x86)\microsoft visual studio 10.0\vc\include\stdio.h(253) : see declaration of 'fscanf'
     1>c:\users\asus\documents\visual studio 2010\projects\cs566_project_final\cs566_project\cs566_project.cpp(965): warning C4996: 'fopen': This function or variable may be unsafe. Consider using fopen_s instead. To disable deprecation, use _CRT_SECURE_NO_WARNINGS. See online help for details.
                 c:\program files (x86)\microsoft visual studio 10.0\vc\include\stdio.h(234) : see declaration of 'fopen'
     1>c:\users\asus\documents\visual studio 2010\projects\cs566_project_final\cs566_project\cs566_project.cpp(969): warning C4996: 'fscanf': This function or variable may be unsafe. Consider using fscanf_s instead. To disable deprecation, use _CRT_SECURE_NO_WARNINGS. See online help for details.
                 c:\program files (x86)\microsoft visual studio 10.0\vc\include\stdio.h(253) : see declaration of 'fscanf'
     1>c:\users\asus\documents\visual studio 2010\projects\cs566_project_final\cs566_project\cs566_project.cpp(992): warning C4996: 'sprintf': This function or variable may be unsafe. Consider using sprintf_s instead. To disable deprecation, use _CRT_SECURE_NO_WARNINGS. See online help for details.
                 c:\program files (x86)\microsoft visual studio 10.0\vc\include\stdio.h(371) : see declaration of 'sprintf'
     1>c:\users\asus\documents\visual studio 2010\projects\cs566_project_final\cs566_project\cs566_project.cpp(1041): warning C4996: 'sprintf': This function or variable may be unsafe. Consider using sprintf_s instead. To disable deprecation, use _CRT_SECURE_NO_WARNINGS. See online help for details.
                 c:\program files (x86)\microsoft visual studio 10.0\vc\include\stdio.h(371) : see declaration of 'sprintf'
     1>c:\users\asus\documents\visual studio 2010\projects\cs566_project_final\cs566_project\cs566_project.cpp(1042): warning C4996: 'fopen': This function or variable may be unsafe. Consider using fopen_s instead. To disable deprecation, use _CRT_SECURE_NO_WARNINGS. See online help for details.
                 c:\program files (x86)\microsoft visual studio 10.0\vc\include\stdio.h(234) : see declaration of 'fopen'
     1>c:\users\asus\documents\visual studio 2010\projects\cs566_project_final\cs566_project\cs566_project.cpp(1052): warning C4996: 'sprintf': This function or variable may be unsafe. Consider using sprintf_s instead. To disable deprecation, use _CRT_SECURE_NO_WARNINGS. See online help for details.
                 c:\program files (x86)\microsoft visual studio 10.0\vc\include\stdio.h(371) : see declaration of 'sprintf'
     1>c:\users\asus\documents\visual studio 2010\projects\cs566_project_final\cs566_project\cs566_project.cpp(1053): warning C4996: 'fopen': This function or variable may be unsafe. Consider using fopen_s instead. To disable deprecation, use _CRT_SECURE_NO_WARNINGS. See online help for details.
                 c:\program files (x86)\microsoft visual studio 10.0\vc\include\stdio.h(234) : see declaration of 'fopen'
     1>c:\users\asus\documents\visual studio 2010\projects\cs566_project_final\cs566_project\cs566_project.cpp(1081): warning C4996: 'sprintf': This function or variable may be unsafe. Consider using sprintf_s instead. To disable deprecation, use _CRT_SECURE_NO_WARNINGS. See online help for details.
                 c:\program files (x86)\microsoft visual studio 10.0\vc\include\stdio.h(371) : see declaration of 'sprintf'
     1>c:\users\asus\documents\visual studio 2010\projects\cs566_project_final\cs566_project\cs566_project.cpp(1090): warning C4996: 'sprintf': This function or variable may be unsafe. Consider using sprintf_s instead. To disable deprecation, use _CRT_SECURE_NO_WARNINGS. See online help for details.
                 c:\program files (x86)\microsoft visual studio 10.0\vc\include\stdio.h(371) : see declaration of 'sprintf'
     1>c:\users\asus\documents\visual studio 2010\projects\cs566_project_final\cs566_project\cs566_project.cpp(1091): warning C4996: 'fopen': This function or variable may be unsafe. Consider using fopen_s instead. To disable deprecation, use _CRT_SECURE_NO_WARNINGS. See online help for details.
                 c:\program files (x86)\microsoft visual studio 10.0\vc\include\stdio.h(234) : see declaration of 'fopen'
     1>c:\users\asus\documents\visual studio 2010\projects\cs566_project_final\cs566_project\cs566_project.cpp(1094): warning C4996: 'fscanf': This function or variable may be unsafe. Consider using fscanf_s instead. To disable deprecation, use _CRT_SECURE_NO_WARNINGS. See online help for details.
                 c:\program files (x86)\microsoft visual studio 10.0\vc\include\stdio.h(253) : see declaration of 'fscanf'
     1>c:\users\asus\documents\visual studio 2010\projects\cs566_project_final\cs566_project\cs566_project.cpp(1107): warning C4996: 'sprintf': This function or variable may be unsafe. Consider using sprintf_s instead. To disable deprecation, use _CRT_SECURE_NO_WARNINGS. See online help for details.
                 c:\program files (x86)\microsoft visual studio 10.0\vc\include\stdio.h(371) : see declaration of 'sprintf'
     1>c:\users\asus\documents\visual studio 2010\projects\cs566_project_final\cs566_project\cs566_project.cpp(1108): warning C4996: 'fopen': This function or variable may be unsafe. Consider using fopen_s instead. To disable deprecation, use _CRT_SECURE_NO_WARNINGS. See online help for details.
                 c:\program files (x86)\microsoft visual studio 10.0\vc\include\stdio.h(234) : see declaration of 'fopen'
     1>c:\users\asus\documents\visual studio 2010\projects\cs566_project_final\cs566_project\cs566_project.cpp(1112): warning C4996: 'fscanf': This function or variable may be unsafe. Consider using fscanf_s instead. To disable deprecation, use _CRT_SECURE_NO_WARNINGS. See online help for details.
                 c:\program files (x86)\microsoft visual studio 10.0\vc\include\stdio.h(253) : see declaration of 'fscanf'
     1>c:\users\asus\documents\visual studio 2010\projects\cs566_project_final\cs566_project\cs566_project.cpp(1125): warning C4996: 'fopen': This function or variable may be unsafe. Consider using fopen_s instead. To disable deprecation, use _CRT_SECURE_NO_WARNINGS. See online help for details.
                 c:\program files (x86)\microsoft visual studio 10.0\vc\include\stdio.h(234) : see declaration of 'fopen'
     1>c:\users\asus\documents\visual studio 2010\projects\cs566_project_final\cs566_project\cs566_project.cpp(1129): warning C4996: 'fscanf': This function or variable may be unsafe. Consider using fscanf_s instead. To disable deprecation, use _CRT_SECURE_NO_WARNINGS. See online help for details.
                 c:\program files (x86)\microsoft visual studio 10.0\vc\include\stdio.h(253) : see declaration of 'fscanf'
     1>c:\users\asus\documents\visual studio 2010\projects\cs566_project_final\cs566_project\cs566_project.cpp(1163): warning C4996: 'sprintf': This function or variable may be unsafe. Consider using sprintf_s instead. To disable deprecation, use _CRT_SECURE_NO_WARNINGS. See online help for details.
                 c:\program files (x86)\microsoft visual studio 10.0\vc\include\stdio.h(371) : see declaration of 'sprintf'
     1>c:\users\asus\documents\visual studio 2010\projects\cs566_project_final\cs566_project\cs566_project.cpp(1164): warning C4996: 'fopen': This function or variable may be unsafe. Consider using fopen_s instead. To disable deprecation, use _CRT_SECURE_NO_WARNINGS. See online help for details.
                 c:\program files (x86)\microsoft visual studio 10.0\vc\include\stdio.h(234) : see declaration of 'fopen'
     1>c:\users\asus\documents\visual studio 2010\projects\cs566_project_final\cs566_project\cs566_project.cpp(1167): warning C4996: 'fscanf': This function or variable may be unsafe. Consider using fscanf_s instead. To disable deprecation, use _CRT_SECURE_NO_WARNINGS. See online help for details.
                 c:\program files (x86)\microsoft visual studio 10.0\vc\include\stdio.h(253) : see declaration of 'fscanf'
     1>c:\users\asus\documents\visual studio 2010\projects\cs566_project_final\cs566_project\cs566_project.cpp(1180): warning C4996: 'sprintf': This function or variable may be unsafe. Consider using sprintf_s instead. To disable deprecation, use _CRT_SECURE_NO_WARNINGS. See online help for details.
                 c:\program files (x86)\microsoft visual studio 10.0\vc\include\stdio.h(371) : see declaration of 'sprintf'
     1>c:\users\asus\documents\visual studio 2010\projects\cs566_project_final\cs566_project\cs566_project.cpp(1181): warning C4996: 'fopen': This function or variable may be unsafe. Consider using fopen_s instead. To disable deprecation, use _CRT_SECURE_NO_WARNINGS. See online help for details.
                 c:\program files (x86)\microsoft visual studio 10.0\vc\include\stdio.h(234) : see declaration of 'fopen'
     1>c:\users\asus\documents\visual studio 2010\projects\cs566_project_final\cs566_project\cs566_project.cpp(1185): warning C4996: 'fscanf': This function or variable may be unsafe. Consider using fscanf_s instead. To disable deprecation, use _CRT_SECURE_NO_WARNINGS. See online help for details.
                 c:\program files (x86)\microsoft visual studio 10.0\vc\include\stdio.h(253) : see declaration of 'fscanf'
     1>c:\users\asus\documents\visual studio 2010\projects\cs566_project_final\cs566_project\cs566_project.cpp(1198): warning C4996: 'fopen': This function or variable may be unsafe. Consider using fopen_s instead. To disable deprecation, use _CRT_SECURE_NO_WARNINGS. See online help for details.
                 c:\program files (x86)\microsoft visual studio 10.0\vc\include\stdio.h(234) : see declaration of 'fopen'
     1>c:\users\asus\documents\visual studio 2010\projects\cs566_project_final\cs566_project\cs566_project.cpp(1202): warning C4996: 'fscanf': This function or variable may be unsafe. Consider using fscanf_s instead. To disable deprecation, use _CRT_SECURE_NO_WARNINGS. See online help for details.
                 c:\program files (x86)\microsoft visual studio 10.0\vc\include\stdio.h(253) : see declaration of 'fscanf'
     1>c:\users\asus\documents\visual studio 2010\projects\cs566_project_final\cs566_project\cs566_project.cpp(1237): warning C4996: 'scanf': This function or variable may be unsafe. Consider using scanf_s instead. To disable deprecation, use _CRT_SECURE_NO_WARNINGS. See online help for details.
                 c:\program files (x86)\microsoft visual studio 10.0\vc\include\stdio.h(304) : see declaration of 'scanf'
     1>c:\users\asus\documents\visual studio 2010\projects\cs566_project_final\cs566_project\cs566_project.cpp(1249): warning C4996: 'scanf': This function or variable may be unsafe. Consider using scanf_s instead. To disable deprecation, use _CRT_SECURE_NO_WARNINGS. See online help for details.
                 c:\program files (x86)\microsoft visual studio 10.0\vc\include\stdio.h(304) : see declaration of 'scanf'
     1>c:\users\asus\documents\visual studio 2010\projects\cs566_project_final\cs566_project\cs566_project.cpp(1257): warning C4996: 'sprintf': This function or variable may be unsafe. Consider using sprintf_s instead. To disable deprecation, use _CRT_SECURE_NO_WARNINGS. See online help for details.
                 c:\program files (x86)\microsoft visual studio 10.0\vc\include\stdio.h(371) : see declaration of 'sprintf'
     1>c:\users\asus\documents\visual studio 2010\projects\cs566_project_final\cs566_project\cs566_project.cpp(1258): warning C4996: 'sprintf': This function or variable may be unsafe. Consider using sprintf_s instead. To disable deprecation, use _CRT_SECURE_NO_WARNINGS. See online help for details.
                 c:\program files (x86)\microsoft visual studio 10.0\vc\include\stdio.h(371) : see declaration of 'sprintf'
     1>c:\users\asus\documents\visual studio 2010\projects\cs566_project_final\cs566_project\cs566_project.cpp(1260): warning C4996: 'sprintf': This function or variable may be unsafe. Consider using sprintf_s instead. To disable deprecation, use _CRT_SECURE_NO_WARNINGS. See online help for details.
                 c:\program files (x86)\microsoft visual studio 10.0\vc\include\stdio.h(371) : see declaration of 'sprintf'
     1>c:\users\asus\documents\visual studio 2010\projects\cs566_project_final\cs566_project\cs566_project.cpp(1264): warning C4996: 'sprintf': This function or variable may be unsafe. Consider using sprintf_s instead. To disable deprecation, use _CRT_SECURE_NO_WARNINGS. See online help for details.
                 c:\program files (x86)\microsoft visual studio 10.0\vc\include\stdio.h(371) : see declaration of 'sprintf'
     1>c:\users\asus\documents\visual studio 2010\projects\cs566_project_final\cs566_project\cs566_project.cpp(1265): warning C4996: 'sprintf': This function or variable may be unsafe. Consider using sprintf_s instead. To disable deprecation, use _CRT_SECURE_NO_WARNINGS. See online help for details.
                 c:\program files (x86)\microsoft visual studio 10.0\vc\include\stdio.h(371) : see declaration of 'sprintf'
     1>c:\users\asus\documents\visual studio 2010\projects\cs566_project_final\cs566_project\cs566_project.cpp(1271): warning C4996: 'sprintf': This function or variable may be unsafe. Consider using sprintf_s instead. To disable deprecation, use _CRT_SECURE_NO_WARNINGS. See online help for details.
                 c:\program files (x86)\microsoft visual studio 10.0\vc\include\stdio.h(371) : see declaration of 'sprintf'
     1>c:\users\asus\documents\visual studio 2010\projects\cs566_project_final\cs566_project\cs566_project.cpp(1272): warning C4996: 'sprintf': This function or variable may be unsafe. Consider using sprintf_s instead. To disable deprecation, use _CRT_SECURE_NO_WARNINGS. See online help for details.
                 c:\program files (x86)\microsoft visual studio 10.0\vc\include\stdio.h(371) : see declaration of 'sprintf'
     1>c:\users\asus\documents\visual studio 2010\projects\cs566_project_final\cs566_project\cs566_project.cpp(1274): warning C4996: 'sprintf': This function or variable may be unsafe. Consider using sprintf_s instead. To disable deprecation, use _CRT_SECURE_NO_WARNINGS. See online help for details.
                 c:\program files (x86)\microsoft visual studio 10.0\vc\include\stdio.h(371) : see declaration of 'sprintf'
     1>c:\users\asus\documents\visual studio 2010\projects\cs566_project_final\cs566_project\cs566_project.cpp(1278): warning C4996: 'sprintf': This function or variable may be unsafe. Consider using sprintf_s instead. To disable deprecation, use _CRT_SECURE_NO_WARNINGS. See online help for details.
                 c:\program files (x86)\microsoft visual studio 10.0\vc\include\stdio.h(371) : see declaration of 'sprintf'
     1>c:\users\asus\documents\visual studio 2010\projects\cs566_project_final\cs566_project\cs566_project.cpp(1279): warning C4996: 'sprintf': This function or variable may be unsafe. Consider using sprintf_s instead. To disable deprecation, use _CRT_SECURE_NO_WARNINGS. See online help for details.
                 c:\program files (x86)\microsoft visual studio 10.0\vc\include\stdio.h(371) : see declaration of 'sprintf'
     1>c:\users\asus\documents\visual studio 2010\projects\cs566_project_final\cs566_project\cs566_project.cpp(1285): warning C4996: 'sprintf': This function or variable may be unsafe. Consider using sprintf_s instead. To disable deprecation, use _CRT_SECURE_NO_WARNINGS. See online help for details.
                 c:\program files (x86)\microsoft visual studio 10.0\vc\include\stdio.h(371) : see declaration of 'sprintf'
     1>c:\users\asus\documents\visual studio 2010\projects\cs566_project_final\cs566_project\cs566_project.cpp(1286): warning C4996: 'sprintf': This function or variable may be unsafe. Consider using sprintf_s instead. To disable deprecation, use _CRT_SECURE_NO_WARNINGS. See online help for details.
                 c:\program files (x86)\microsoft visual studio 10.0\vc\include\stdio.h(371) : see declaration of 'sprintf'
     1>c:\users\asus\documents\visual studio 2010\projects\cs566_project_final\cs566_project\cs566_project.cpp(1288): warning C4996: 'sprintf': This function or variable may be unsafe. Consider using sprintf_s instead. To disable deprecation, use _CRT_SECURE_NO_WARNINGS. See online help for details.
                 c:\program files (x86)\microsoft visual studio 10.0\vc\include\stdio.h(371) : see declaration of 'sprintf'
     1>c:\users\asus\documents\visual studio 2010\projects\cs566_project_final\cs566_project\cs566_project.cpp(1292): warning C4996: 'sprintf': This function or variable may be unsafe. Consider using sprintf_s instead. To disable deprecation, use _CRT_SECURE_NO_WARNINGS. See online help for details.
                 c:\program files (x86)\microsoft visual studio 10.0\vc\include\stdio.h(371) : see declaration of 'sprintf'
     1>c:\users\asus\documents\visual studio 2010\projects\cs566_project_final\cs566_project\cs566_project.cpp(1293): warning C4996: 'sprintf': This function or variable may be unsafe. Consider using sprintf_s instead. To disable deprecation, use _CRT_SECURE_NO_WARNINGS. See online help for details.
                 c:\program files (x86)\microsoft visual studio 10.0\vc\include\stdio.h(371) : see declaration of 'sprintf'
     1>c:\users\asus\documents\visual studio 2010\projects\cs566_project_final\cs566_project\cs566_project.cpp(1299): warning C4996: 'sprintf': This function or variable may be unsafe. Consider using sprintf_s instead. To disable deprecation, use _CRT_SECURE_NO_WARNINGS. See online help for details.
                 c:\program files (x86)\microsoft visual studio 10.0\vc\include\stdio.h(371) : see declaration of 'sprintf'
     1>c:\users\asus\documents\visual studio 2010\projects\cs566_project_final\cs566_project\cs566_project.cpp(1300): warning C4996: 'sprintf': This function or variable may be unsafe. Consider using sprintf_s instead. To disable deprecation, use _CRT_SECURE_NO_WARNINGS. See online help for details.
                 c:\program files (x86)\microsoft visual studio 10.0\vc\include\stdio.h(371) : see declaration of 'sprintf'
     1>c:\users\asus\documents\visual studio 2010\projects\cs566_project_final\cs566_project\cs566_project.cpp(1302): warning C4996: 'sprintf': This function or variable may be unsafe. Consider using sprintf_s instead. To disable deprecation, use _CRT_SECURE_NO_WARNINGS. See online help for details.
                 c:\program files (x86)\microsoft visual studio 10.0\vc\include\stdio.h(371) : see declaration of 'sprintf'
     1>c:\users\asus\documents\visual studio 2010\projects\cs566_project_final\cs566_project\cs566_project.cpp(1306): warning C4996: 'sprintf': This function or variable may be unsafe. Consider using sprintf_s instead. To disable deprecation, use _CRT_SECURE_NO_WARNINGS. See online help for details.
                 c:\program files (x86)\microsoft visual studio 10.0\vc\include\stdio.h(371) : see declaration of 'sprintf'
     1>c:\users\asus\documents\visual studio 2010\projects\cs566_project_final\cs566_project\cs566_project.cpp(1307): warning C4996: 'sprintf': This function or variable may be unsafe. Consider using sprintf_s instead. To disable deprecation, use _CRT_SECURE_NO_WARNINGS. See online help for details.
                 c:\program files (x86)\microsoft visual studio 10.0\vc\include\stdio.h(371) : see declaration of 'sprintf'
     1>c:\users\asus\documents\visual studio 2010\projects\cs566_project_final\cs566_project\cs566_project.cpp(1335): warning C4996: 'fopen': This function or variable may be unsafe. Consider using fopen_s instead. To disable deprecation, use _CRT_SECURE_NO_WARNINGS. See online help for details.
                 c:\program files (x86)\microsoft visual studio 10.0\vc\include\stdio.h(234) : see declaration of 'fopen'
     1>c:\users\asus\documents\visual studio 2010\projects\cs566_project_final\cs566_project\cs566_project.cpp(1341): warning C4996: 'fscanf': This function or variable may be unsafe. Consider using fscanf_s instead. To disable deprecation, use _CRT_SECURE_NO_WARNINGS. See online help for details.
                 c:\program files (x86)\microsoft visual studio 10.0\vc\include\stdio.h(253) : see declaration of 'fscanf'
     1>c:\users\asus\documents\visual studio 2010\projects\cs566_project_final\cs566_project\cs566_project.cpp(1347): warning C4996: 'fopen': This function or variable may be unsafe. Consider using fopen_s instead. To disable deprecation, use _CRT_SECURE_NO_WARNINGS. See online help for details.
                 c:\program files (x86)\microsoft visual studio 10.0\vc\include\stdio.h(234) : see declaration of 'fopen'
     1>c:\users\asus\documents\visual studio 2010\projects\cs566_project_final\cs566_project\cs566_project.cpp(1352): warning C4996: 'fscanf': This function or variable may be unsafe. Consider using fscanf_s instead. To disable deprecation, use _CRT_SECURE_NO_WARNINGS. See online help for details.
                 c:\program files (x86)\microsoft visual studio 10.0\vc\include\stdio.h(253) : see declaration of 'fscanf'
     1>c:\users\asus\documents\visual studio 2010\projects\cs566_project_final\cs566_project\cs566_project.cpp(1380): warning C4996: 'fopen': This function or variable may be unsafe. Consider using fopen_s instead. To disable deprecation, use _CRT_SECURE_NO_WARNINGS. See online help for details.
                 c:\program files (x86)\microsoft visual studio 10.0\vc\include\stdio.h(234) : see declaration of 'fopen'
     1>c:\users\asus\documents\visual studio 2010\projects\cs566_project_final\cs566_project\cs566_project.cpp(1392): warning C4996: 'fopen': This function or variable may be unsafe. Consider using fopen_s instead. To disable deprecation, use _CRT_SECURE_NO_WARNINGS. See online help for details.
                 c:\program files (x86)\microsoft visual studio 10.0\vc\include\stdio.h(234) : see declaration of 'fopen'
     1>c:\users\asus\documents\visual studio 2010\projects\cs566_project_final\cs566_project\cs566_project.cpp(1406): warning C4996: 'scanf': This function or variable may be unsafe. Consider using scanf_s instead. To disable deprecation, use _CRT_SECURE_NO_WARNINGS. See online help for details.
                 c:\program files (x86)\microsoft visual studio 10.0\vc\include\stdio.h(304) : see declaration of 'scanf'
     1>c:\users\asus\documents\visual studio 2010\projects\cs566_project_final\cs566_project\cs566_project.cpp(1228): warning C4101: 'data' : unreferenced local variable
     1>c:\users\asus\documents\visual studio 2010\projects\cs566_project_final\cs566_project\cs566_project.cpp(1424): warning C4996: 'sprintf': This function or variable may be unsafe. Consider using sprintf_s instead. To disable deprecation, use _CRT_SECURE_NO_WARNINGS. See online help for details.
                 c:\program files (x86)\microsoft visual studio 10.0\vc\include\stdio.h(371) : see declaration of 'sprintf'
     1>c:\users\asus\documents\visual studio 2010\projects\cs566_project_final\cs566_project\cs566_project.cpp(1425): warning C4996: 'fopen': This function or variable may be unsafe. Consider using fopen_s instead. To disable deprecation, use _CRT_SECURE_NO_WARNINGS. See online help for details.
                 c:\program files (x86)\microsoft visual studio 10.0\vc\include\stdio.h(234) : see declaration of 'fopen'
     1>c:\users\asus\documents\visual studio 2010\projects\cs566_project_final\cs566_project\cs566_project.cpp(1428): warning C4996: 'fscanf': This function or variable may be unsafe. Consider using fscanf_s instead. To disable deprecation, use _CRT_SECURE_NO_WARNINGS. See online help for details.
                 c:\program files (x86)\microsoft visual studio 10.0\vc\include\stdio.h(253) : see declaration of 'fscanf'
     1>c:\users\asus\documents\visual studio 2010\projects\cs566_project_final\cs566_project\cs566_project.cpp(1441): warning C4996: 'sprintf': This function or variable may be unsafe. Consider using sprintf_s instead. To disable deprecation, use _CRT_SECURE_NO_WARNINGS. See online help for details.
                 c:\program files (x86)\microsoft visual studio 10.0\vc\include\stdio.h(371) : see declaration of 'sprintf'
     1>c:\users\asus\documents\visual studio 2010\projects\cs566_project_final\cs566_project\cs566_project.cpp(1442): warning C4996: 'fopen': This function or variable may be unsafe. Consider using fopen_s instead. To disable deprecation, use _CRT_SECURE_NO_WARNINGS. See online help for details.
                 c:\program files (x86)\microsoft visual studio 10.0\vc\include\stdio.h(234) : see declaration of 'fopen'
     1>c:\users\asus\documents\visual studio 2010\projects\cs566_project_final\cs566_project\cs566_project.cpp(1446): warning C4996: 'fscanf': This function or variable may be unsafe. Consider using fscanf_s instead. To disable deprecation, use _CRT_SECURE_NO_WARNINGS. See online help for details.
                 c:\program files (x86)\microsoft visual studio 10.0\vc\include\stdio.h(253) : see declaration of 'fscanf'
     1>c:\users\asus\documents\visual studio 2010\projects\cs566_project_final\cs566_project\cs566_project.cpp(1459): warning C4996: 'fopen': This function or variable may be unsafe. Consider using fopen_s instead. To disable deprecation, use _CRT_SECURE_NO_WARNINGS. See online help for details.
                 c:\program files (x86)\microsoft visual studio 10.0\vc\include\stdio.h(234) : see declaration of 'fopen'
     1>c:\users\asus\documents\visual studio 2010\projects\cs566_project_final\cs566_project\cs566_project.cpp(1463): warning C4996: 'fscanf': This function or variable may be unsafe. Consider using fscanf_s instead. To disable deprecation, use _CRT_SECURE_NO_WARNINGS. See online help for details.
                 c:\program files (x86)\microsoft visual studio 10.0\vc\include\stdio.h(253) : see declaration of 'fscanf'
     1>c:\users\asus\documents\visual studio 2010\projects\cs566_project_final\cs566_project\cs566_project.cpp(1490): warning C4996: 'sprintf': This function or variable may be unsafe. Consider using sprintf_s instead. To disable deprecation, use _CRT_SECURE_NO_WARNINGS. See online help for details.
                 c:\program files (x86)\microsoft visual studio 10.0\vc\include\stdio.h(371) : see declaration of 'sprintf'
     1>c:\users\asus\documents\visual studio 2010\projects\cs566_project_final\cs566_project\cs566_project.cpp(1491): warning C4996: 'fopen': This function or variable may be unsafe. Consider using fopen_s instead. To disable deprecation, use _CRT_SECURE_NO_WARNINGS. See online help for details.
                 c:\program files (x86)\microsoft visual studio 10.0\vc\include\stdio.h(234) : see declaration of 'fopen'
     1>c:\users\asus\documents\visual studio 2010\projects\cs566_project_final\cs566_project\cs566_project.cpp(1525): warning C4244: 'argument' : conversion from 'time_t' to 'unsigned int', possible loss of data
     1>c:\users\asus\documents\visual studio 2010\projects\cs566_project_final\cs566_project\cs566_project.cpp(1539): warning C4482: nonstandard extension used: enum 'game::MazeObject' used in qualified name
     1>c:\users\asus\documents\visual studio 2010\projects\cs566_project_final\cs566_project\cs566_project.cpp(1544): warning C4482: nonstandard extension used: enum 'game::MazeObject' used in qualified name
     1>c:\users\asus\documents\visual studio 2010\projects\cs566_project_final\cs566_project\cs566_project.cpp(1548): warning C4482: nonstandard extension used: enum 'game::MazeObject' used in qualified name
     1>c:\users\asus\documents\visual studio 2010\projects\cs566_project_final\cs566_project\cs566_project.cpp(1553): warning C4482: nonstandard extension used: enum 'game::MazeObject' used in qualified name
     1>c:\users\asus\documents\visual studio 2010\projects\cs566_project_final\cs566_project\cs566_project.cpp(1557): warning C4482: nonstandard extension used: enum 'game::MazeObject' used in qualified name
     1>c:\users\asus\documents\visual studio 2010\projects\cs566_project_final\cs566_project\cs566_project.cpp(1559): warning C4482: nonstandard extension used: enum 'game::MazeObject' used in qualified name
     1>c:\users\asus\documents\visual studio 2010\projects\cs566_project_final\cs566_project\cs566_project.cpp(1563): warning C4482: nonstandard extension used: enum 'game::MazeObject' used in qualified name
     1>c:\users\asus\documents\visual studio 2010\projects\cs566_project_final\cs566_project\cs566_project.cpp(1575): warning C4482: nonstandard extension used: enum 'game::MazeObject' used in qualified name
     1>c:\users\asus\documents\visual studio 2010\projects\cs566_project_final\cs566_project\cs566_project.cpp(1579): warning C4482: nonstandard extension used: enum 'game::MazeObject' used in qualified name
     1>c:\users\asus\documents\visual studio 2010\projects\cs566_project_final\cs566_project\cs566_project.cpp(1580): warning C4482: nonstandard extension used: enum 'game::Color' used in qualified name
     1>c:\users\asus\documents\visual studio 2010\projects\cs566_project_final\cs566_project\cs566_project.cpp(1584): warning C4482: nonstandard extension used: enum 'game::MazeObject' used in qualified name
     1>c:\users\asus\documents\visual studio 2010\projects\cs566_project_final\cs566_project\cs566_project.cpp(1585): warning C4482: nonstandard extension used: enum 'game::Color' used in qualified name
     1>c:\users\asus\documents\visual studio 2010\projects\cs566_project_final\cs566_project\cs566_project.cpp(1589): warning C4482: nonstandard extension used: enum 'game::MazeObject' used in qualified name
     1>c:\users\asus\documents\visual studio 2010\projects\cs566_project_final\cs566_project\cs566_project.cpp(1590): warning C4482: nonstandard extension used: enum 'game::Color' used in qualified name
     1>c:\users\asus\documents\visual studio 2010\projects\cs566_project_final\cs566_project\cs566_project.cpp(1594): warning C4482: nonstandard extension used: enum 'game::MazeObject' used in qualified name
     1>c:\users\asus\documents\visual studio 2010\projects\cs566_project_final\cs566_project\cs566_project.cpp(1595): warning C4482: nonstandard extension used: enum 'game::Color' used in qualified name
     1>c:\users\asus\documents\visual studio 2010\projects\cs566_project_final\cs566_project\cs566_project.cpp(1612): warning C4482: nonstandard extension used: enum 'game::Color' used in qualified name
     1>c:\users\asus\documents\visual studio 2010\projects\cs566_project_final\cs566_project\cs566_project.cpp(1625): warning C4482: nonstandard extension used: enum 'game::Color' used in qualified name
     1>c:\users\asus\documents\visual studio 2010\projects\cs566_project_final\cs566_project\cs566_project.cpp(1627): warning C4482: nonstandard extension used: enum 'game::Color' used in qualified name
     1>c:\users\asus\documents\visual studio 2010\projects\cs566_project_final\cs566_project\cs566_project.cpp(1692): warning C4482: nonstandard extension used: enum 'game::KeyCode' used in qualified name
     1>c:\users\asus\documents\visual studio 2010\projects\cs566_project_final\cs566_project\cs566_project.cpp(1693): warning C4482: nonstandard extension used: enum 'game::MazeObject' used in qualified name
     1>c:\users\asus\documents\visual studio 2010\projects\cs566_project_final\cs566_project\cs566_project.cpp(1693): warning C4482: nonstandard extension used: enum 'game::MazeObject' used in qualified name
     1>c:\users\asus\documents\visual studio 2010\projects\cs566_project_final\cs566_project\cs566_project.cpp(1697): warning C4482: nonstandard extension used: enum 'game::MazeObject' used in qualified name
     1>c:\users\asus\documents\visual studio 2010\projects\cs566_project_final\cs566_project\cs566_project.cpp(1703): warning C4482: nonstandard extension used: enum 'game::Color' used in qualified name
     1>c:\users\asus\documents\visual studio 2010\projects\cs566_project_final\cs566_project\cs566_project.cpp(1705): warning C4482: nonstandard extension used: enum 'game::Color' used in qualified name
     1>c:\users\asus\documents\visual studio 2010\projects\cs566_project_final\cs566_project\cs566_project.cpp(1707): warning C4482: nonstandard extension used: enum 'game::MazeObject' used in qualified name
     1>c:\users\asus\documents\visual studio 2010\projects\cs566_project_final\cs566_project\cs566_project.cpp(1711): warning C4482: nonstandard extension used: enum 'game::KeyCode' used in qualified name
     1>c:\users\asus\documents\visual studio 2010\projects\cs566_project_final\cs566_project\cs566_project.cpp(1712): warning C4482: nonstandard extension used: enum 'game::MazeObject' used in qualified name
     1>c:\users\asus\documents\visual studio 2010\projects\cs566_project_final\cs566_project\cs566_project.cpp(1712): warning C4482: nonstandard extension used: enum 'game::MazeObject' used in qualified name
     1>c:\users\asus\documents\visual studio 2010\projects\cs566_project_final\cs566_project\cs566_project.cpp(1718): warning C4482: nonstandard extension used: enum 'game::MazeObject' used in qualified name
     1>c:\users\asus\documents\visual studio 2010\projects\cs566_project_final\cs566_project\cs566_project.cpp(1724): warning C4482: nonstandard extension used: enum 'game::Color' used in qualified name
     1>c:\users\asus\documents\visual studio 2010\projects\cs566_project_final\cs566_project\cs566_project.cpp(1726): warning C4482: nonstandard extension used: enum 'game::Color' used in qualified name
     1>c:\users\asus\documents\visual studio 2010\projects\cs566_project_final\cs566_project\cs566_project.cpp(1728): warning C4482: nonstandard extension used: enum 'game::MazeObject' used in qualified name
     1>c:\users\asus\documents\visual studio 2010\projects\cs566_project_final\cs566_project\cs566_project.cpp(1731): warning C4482: nonstandard extension used: enum 'game::KeyCode' used in qualified name
     1>c:\users\asus\documents\visual studio 2010\projects\cs566_project_final\cs566_project\cs566_project.cpp(1732): warning C4482: nonstandard extension used: enum 'game::MazeObject' used in qualified name
     1>c:\users\asus\documents\visual studio 2010\projects\cs566_project_final\cs566_project\cs566_project.cpp(1732): warning C4482: nonstandard extension used: enum 'game::MazeObject' used in qualified name
     1>c:\users\asus\documents\visual studio 2010\projects\cs566_project_final\cs566_project\cs566_project.cpp(1736): warning C4482: nonstandard extension used: enum 'game::MazeObject' used in qualified name
     1>c:\users\asus\documents\visual studio 2010\projects\cs566_project_final\cs566_project\cs566_project.cpp(1742): warning C4482: nonstandard extension used: enum 'game::Color' used in qualified name
     1>c:\users\asus\documents\visual studio 2010\projects\cs566_project_final\cs566_project\cs566_project.cpp(1744): warning C4482: nonstandard extension used: enum 'game::Color' used in qualified name
     1>c:\users\asus\documents\visual studio 2010\projects\cs566_project_final\cs566_project\cs566_project.cpp(1746): warning C4482: nonstandard extension used: enum 'game::MazeObject' used in qualified name
     1>c:\users\asus\documents\visual studio 2010\projects\cs566_project_final\cs566_project\cs566_project.cpp(1749): warning C4482: nonstandard extension used: enum 'game::KeyCode' used in qualified name
     1>c:\users\asus\documents\visual studio 2010\projects\cs566_project_final\cs566_project\cs566_project.cpp(1750): warning C4482: nonstandard extension used: enum 'game::MazeObject' used in qualified name
     1>c:\users\asus\documents\visual studio 2010\projects\cs566_project_final\cs566_project\cs566_project.cpp(1750): warning C4482: nonstandard extension used: enum 'game::MazeObject' used in qualified name
     1>c:\users\asus\documents\visual studio 2010\projects\cs566_project_final\cs566_project\cs566_project.cpp(1754): warning C4482: nonstandard extension used: enum 'game::MazeObject' used in qualified name
     1>c:\users\asus\documents\visual studio 2010\projects\cs566_project_final\cs566_project\cs566_project.cpp(1760): warning C4482: nonstandard extension used: enum 'game::Color' used in qualified name
     1>c:\users\asus\documents\visual studio 2010\projects\cs566_project_final\cs566_project\cs566_project.cpp(1762): warning C4482: nonstandard extension used: enum 'game::Color' used in qualified name
     1>c:\users\asus\documents\visual studio 2010\projects\cs566_project_final\cs566_project\cs566_project.cpp(1764): warning C4482: nonstandard extension used: enum 'game::MazeObject' used in qualified name
     1>c:\users\asus\documents\visual studio 2010\projects\cs566_project_final\cs566_project\cs566_project.cpp(1770): warning C4482: nonstandard extension used: enum 'game::Color' used in qualified name
     1>c:\users\asus\documents\visual studio 2010\projects\cs566_project_final\cs566_project\cs566_project.cpp(1787): warning C4482: nonstandard extension used: enum 'game::MazeObject' used in qualified name
     1>c:\users\asus\documents\visual studio 2010\projects\cs566_project_final\cs566_project\cs566_project.cpp(1793): warning C4482: nonstandard extension used: enum 'game::Color' used in qualified name
     1>c:\users\asus\documents\visual studio 2010\projects\cs566_project_final\cs566_project\cs566_project.cpp(1795): warning C4482: nonstandard extension used: enum 'game::Color' used in qualified name
     1>c:\users\asus\documents\visual studio 2010\projects\cs566_project_final\cs566_project\cs566_project.cpp(1797): warning C4482: nonstandard extension used: enum 'game::MazeObject' used in qualified name
     1>c:\users\asus\documents\visual studio 2010\projects\cs566_project_final\cs566_project\cs566_project.cpp(1897): warning C4101: 'choice' : unreferenced local variable
       ManifestResourceCompile:
         All outputs are up-to-date.
       Link:
         C:\Program Files (x86)\Microsoft Visual Studio 10.0\VC\bin\link.exe /ERRORREPORT:PROMPT /OUT:"C:\Users\Asus\Documents\Visual Studio 2010\Projects\CS566_Project_Final\Debug\CS566_Project.exe" /INCREMENTAL /NOLOGO kernel32.lib user32.lib gdi32.lib winspool.lib comdlg32.lib advapi32.lib shell32.lib ole32.lib oleaut32.lib uuid.lib odbc32.lib odbccp32.lib /MANIFEST /ManifestFile:"Debug\CS566_Project.exe.intermediate.manifest" /MANIFESTUAC:"level='asInvoker' uiAccess='false'" /DEBUG /PDB:"C:\Users\Asus\Documents\Visual Studio 2010\Projects\CS566_Project_Final\Debug\CS566_Project.pdb" /SUBSYSTEM:CONSOLE /TLBID:1 /DYNAMICBASE /NXCOMPAT /IMPLIB:"C:\Users\Asus\Documents\Visual Studio 2010\Projects\CS566_Project_Final\Debug\CS566_Project.lib" /MACHINE:X86 Debug\CS566_Project.exe.embed.manifest.res
         Debug\CS566_Project.obj
         Debug\stdafx.obj
       Manifest:
         C:\Program Files (x86)\Microsoft SDKs\Windows\v7.0A\bin\mt.exe /nologo /verbose /out:"Debug\CS566_Project.exe.embed.manifest" /manifest Debug\CS566_Project.exe.intermediate.manifest
         All outputs are up-to-date.
       LinkEmbedManifest:
         All outputs are up-to-date.
         CS566_Project.vcxproj -> C:\Users\Asus\Documents\Visual Studio 2010\Projects\CS566_Project_Final\Debug\CS566_Project.exe
       FinalizeBuildStatus:
         Deleting file "Debug\CS566_Project.unsuccessfulbuild".
         Touching "Debug\CS566_Project.lastbuildstate".
     1>Done Building Project "C:\Users\Asus\Documents\Visual Studio 2010\Projects\CS566_Project_Final\CS566_Project\CS566_Project.vcxproj" (build target(s)).

Build succeeded.

Time Elapsed 00:00:04.05
